2024-08-20 11:14:11.029  INFO 19052 --- [Test worker] o.b.spring.database.pool.ConnectionPool  : init bean
2024-08-20 11:14:11.104  INFO 19052 --- [Test worker] o.b.spring.database.pool.ConnectionPool  : init bean
2024-08-20 11:14:11.111  INFO 19052 --- [Test worker] o.b.spring.database.pool.ConnectionPool  : init bean
2024-08-20 11:16:17.497  INFO 14452 --- [Test worker] o.b.spring.database.pool.ConnectionPool  : init bean
2024-08-20 11:16:17.530  INFO 14452 --- [Test worker] o.b.spring.database.pool.ConnectionPool  : init bean
2024-08-20 11:16:17.532  INFO 14452 --- [Test worker] o.b.spring.database.pool.ConnectionPool  : init bean
2024-08-20 11:22:21.165  INFO 8060 --- [Test worker] o.b.spring.database.pool.ConnectionPool  : init bean
2024-08-20 11:22:21.227  INFO 8060 --- [Test worker] o.b.spring.database.pool.ConnectionPool  : init bean
2024-08-20 11:22:21.229  INFO 8060 --- [Test worker] o.b.spring.database.pool.ConnectionPool  : init bean
2024-08-20 11:24:52.616  INFO 23012 --- [Test worker] o.b.spring.database.pool.ConnectionPool  : init bean
2024-08-20 11:24:52.646  INFO 23012 --- [Test worker] o.b.spring.database.pool.ConnectionPool  : init bean
2024-08-20 11:24:52.647  INFO 23012 --- [Test worker] o.b.spring.database.pool.ConnectionPool  : init bean
2024-08-20 11:31:25.715  INFO 23292 --- [Test worker] o.b.spring.database.pool.ConnectionPool  : init bean
2024-08-20 11:31:25.742  INFO 23292 --- [Test worker] o.b.spring.database.pool.ConnectionPool  : init bean
2024-08-20 11:31:25.744  INFO 23292 --- [Test worker] o.b.spring.database.pool.ConnectionPool  : init bean
2024-08-20 11:31:26.860  INFO 23292 --- [SpringApplicationShutdownHook] o.b.spring.database.pool.ConnectionPool  : Clean connection pool
2024-08-20 11:31:26.862  INFO 23292 --- [SpringApplicationShutdownHook] o.b.spring.database.pool.ConnectionPool  : Clean connection pool
2024-08-20 11:31:26.862  INFO 23292 --- [SpringApplicationShutdownHook] o.b.spring.database.pool.ConnectionPool  : Clean connection pool
2024-08-20 11:32:01.623  INFO 15588 --- [Test worker] o.b.spring.database.pool.ConnectionPool  : init bean
2024-08-20 11:32:01.652  INFO 15588 --- [Test worker] o.b.spring.database.pool.ConnectionPool  : init bean
2024-08-20 11:32:01.654  INFO 15588 --- [Test worker] o.b.spring.database.pool.ConnectionPool  : init bean
2024-08-20 11:32:02.688  INFO 15588 --- [SpringApplicationShutdownHook] o.b.spring.database.pool.ConnectionPool  : Clean connection pool
2024-08-20 11:32:02.689  INFO 15588 --- [SpringApplicationShutdownHook] o.b.spring.database.pool.ConnectionPool  : Clean connection pool
2024-08-20 11:32:02.690  INFO 15588 --- [SpringApplicationShutdownHook] o.b.spring.database.pool.ConnectionPool  : Clean connection pool
2024-08-20 11:32:55.486  INFO 5376 --- [Test worker] o.b.spring.database.pool.ConnectionPool  : init bean
2024-08-20 11:32:55.518  INFO 5376 --- [Test worker] o.b.spring.database.pool.ConnectionPool  : init bean
2024-08-20 11:32:55.522  INFO 5376 --- [Test worker] o.b.spring.database.pool.ConnectionPool  : init bean
2024-08-20 11:32:56.590  INFO 5376 --- [SpringApplicationShutdownHook] o.b.spring.database.pool.ConnectionPool  : Clean connection pool
2024-08-20 11:32:56.591  INFO 5376 --- [SpringApplicationShutdownHook] o.b.spring.database.pool.ConnectionPool  : Clean connection pool
2024-08-20 11:32:56.591  INFO 5376 --- [SpringApplicationShutdownHook] o.b.spring.database.pool.ConnectionPool  : Clean connection pool
2024-08-20 12:21:04.683  INFO 21276 --- [Test worker] o.b.spring.database.pool.ConnectionPool  : init bean
2024-08-20 12:21:04.714  INFO 21276 --- [Test worker] o.b.spring.database.pool.ConnectionPool  : init bean
2024-08-20 12:21:04.716  INFO 21276 --- [Test worker] o.b.spring.database.pool.ConnectionPool  : init bean
2024-08-20 12:21:06.097  INFO 21276 --- [Test worker] o.b.spring.database.pool.ConnectionPool  : init bean
2024-08-20 12:21:06.101  INFO 21276 --- [Test worker] o.b.spring.database.pool.ConnectionPool  : init bean
2024-08-20 12:21:06.103  INFO 21276 --- [Test worker] o.b.spring.database.pool.ConnectionPool  : init bean
2024-08-20 12:21:06.248  INFO 21276 --- [SpringApplicationShutdownHook] o.b.spring.database.pool.ConnectionPool  : Clean connection pool
2024-08-20 12:21:06.249  INFO 21276 --- [SpringApplicationShutdownHook] o.b.spring.database.pool.ConnectionPool  : Clean connection pool
2024-08-20 12:21:06.250  INFO 21276 --- [SpringApplicationShutdownHook] o.b.spring.database.pool.ConnectionPool  : Clean connection pool
2024-08-20 12:21:06.252  INFO 21276 --- [SpringApplicationShutdownHook] o.b.spring.database.pool.ConnectionPool  : Clean connection pool
2024-08-20 12:21:06.253  INFO 21276 --- [SpringApplicationShutdownHook] o.b.spring.database.pool.ConnectionPool  : Clean connection pool
2024-08-20 12:21:06.254  INFO 21276 --- [SpringApplicationShutdownHook] o.b.spring.database.pool.ConnectionPool  : Clean connection pool
2024-08-20 12:31:18.021  INFO 23676 --- [Test worker] o.b.spring.database.pool.ConnectionPool  : init bean
2024-08-20 12:31:19.029  INFO 23676 --- [Test worker] o.b.spring.database.pool.ConnectionPool  : init bean
2024-08-20 12:31:19.032  INFO 23676 --- [Test worker] o.b.spring.database.pool.ConnectionPool  : init bean
2024-08-20 12:31:19.432  INFO 23676 --- [SpringApplicationShutdownHook] o.b.spring.database.pool.ConnectionPool  : Clean connection pool
2024-08-20 12:31:19.433  INFO 23676 --- [SpringApplicationShutdownHook] o.b.spring.database.pool.ConnectionPool  : Clean connection pool
2024-08-20 12:31:19.433  INFO 23676 --- [SpringApplicationShutdownHook] o.b.spring.database.pool.ConnectionPool  : Clean connection pool
2024-08-20 12:32:46.095  INFO 18456 --- [Test worker] o.b.spring.database.pool.ConnectionPool  : init bean
2024-08-20 12:32:47.137  INFO 18456 --- [Test worker] o.b.spring.database.pool.ConnectionPool  : init bean
2024-08-20 12:32:47.140  INFO 18456 --- [Test worker] o.b.spring.database.pool.ConnectionPool  : init bean
2024-08-20 12:32:47.504  INFO 18456 --- [Test worker] o.b.spring.database.pool.ConnectionPool  : Clean connection pool
2024-08-20 12:32:47.505  INFO 18456 --- [Test worker] o.b.spring.database.pool.ConnectionPool  : Clean connection pool
2024-08-20 12:32:47.506  INFO 18456 --- [Test worker] o.b.spring.database.pool.ConnectionPool  : Clean connection pool
2024-08-20 12:32:47.814  INFO 18456 --- [Test worker] o.b.spring.database.pool.ConnectionPool  : init bean
2024-08-20 12:32:47.831  INFO 18456 --- [Test worker] o.b.spring.database.pool.ConnectionPool  : init bean
2024-08-20 12:32:47.834  INFO 18456 --- [Test worker] o.b.spring.database.pool.ConnectionPool  : init bean
2024-08-20 12:32:47.949  INFO 18456 --- [SpringApplicationShutdownHook] o.b.spring.database.pool.ConnectionPool  : Clean connection pool
2024-08-20 12:32:47.949  INFO 18456 --- [SpringApplicationShutdownHook] o.b.spring.database.pool.ConnectionPool  : Clean connection pool
2024-08-20 12:32:47.949  INFO 18456 --- [SpringApplicationShutdownHook] o.b.spring.database.pool.ConnectionPool  : Clean connection pool
2024-08-20 17:05:40.608  INFO 19248 --- [main] org.beko.spring.ApplicationRunner        : Starting ApplicationRunner using Java 17.0.6 on DESKTOP-2C8JM6Q with PID 19248 (C:\Users\BEKZHAN\IdeaProjects\spring-starter\build\classes\java\main started by BEKZHAN in C:\Users\BEKZHAN\IdeaProjects\spring-starter)
2024-08-20 17:05:40.610  INFO 19248 --- [main] org.beko.spring.ApplicationRunner        : The following profiles are active: qa
2024-08-20 17:05:40.937  INFO 19248 --- [main] .s.d.r.c.RepositoryConfigurationDelegate : Bootstrapping Spring Data JPA repositories in DEFAULT mode.
2024-08-20 17:05:40.949  INFO 19248 --- [main] .s.d.r.c.RepositoryConfigurationDelegate : Finished Spring Data repository scanning in 6 ms. Found 0 JPA repository interfaces.
2024-08-20 17:05:41.202  INFO 19248 --- [main] com.zaxxer.hikari.HikariDataSource       : HikariPool-1 - Starting...
2024-08-20 17:05:41.328  INFO 19248 --- [main] com.zaxxer.hikari.HikariDataSource       : HikariPool-1 - Start completed.
2024-08-20 17:05:41.363  INFO 19248 --- [main] o.hibernate.jpa.internal.util.LogHelper  : HHH000204: Processing PersistenceUnitInfo [name: default]
2024-08-20 17:05:41.399  INFO 19248 --- [main] org.hibernate.Version                    : HHH000412: Hibernate ORM core version 5.6.3.Final
2024-08-20 17:05:41.555  INFO 19248 --- [main] o.hibernate.annotations.common.Version   : HCANN000001: Hibernate Commons Annotations {5.1.2.Final}
2024-08-20 17:05:41.652  INFO 19248 --- [main] org.hibernate.dialect.Dialect            : HHH000400: Using dialect: org.hibernate.dialect.PostgreSQL10Dialect
2024-08-20 17:05:41.783  INFO 19248 --- [main] o.h.e.t.j.p.i.JtaPlatformInitiator       : HHH000490: Using JtaPlatform implementation: [org.hibernate.engine.transaction.jta.platform.internal.NoJtaPlatform]
2024-08-20 17:05:41.791  INFO 19248 --- [main] j.LocalContainerEntityManagerFactoryBean : Initialized JPA EntityManagerFactory for persistence unit 'default'
2024-08-20 17:05:41.796  INFO 19248 --- [main] org.beko.spring.config.JpaConfiguration  : Jpa configuration is enabled
2024-08-20 17:05:41.800  INFO 19248 --- [main] o.b.spring.database.pool.ConnectionPool  : init bean
2024-08-20 17:05:41.810  INFO 19248 --- [main] o.b.spring.database.pool.ConnectionPool  : init bean
2024-08-20 17:05:41.811  INFO 19248 --- [main] o.b.spring.database.pool.ConnectionPool  : init bean
2024-08-20 17:05:41.913  INFO 19248 --- [main] org.beko.spring.ApplicationRunner        : Started ApplicationRunner in 1.701 seconds (JVM running for 2.221)
2024-08-20 17:05:41.917  INFO 19248 --- [SpringApplicationShutdownHook] o.b.spring.database.pool.ConnectionPool  : Clean connection pool
2024-08-20 17:05:41.917  INFO 19248 --- [SpringApplicationShutdownHook] o.b.spring.database.pool.ConnectionPool  : Clean connection pool
2024-08-20 17:05:41.917  INFO 19248 --- [SpringApplicationShutdownHook] o.b.spring.database.pool.ConnectionPool  : Clean connection pool
2024-08-20 17:05:41.917  INFO 19248 --- [SpringApplicationShutdownHook] j.LocalContainerEntityManagerFactoryBean : Closing JPA EntityManagerFactory for persistence unit 'default'
2024-08-20 17:05:41.919  INFO 19248 --- [SpringApplicationShutdownHook] com.zaxxer.hikari.HikariDataSource       : HikariPool-1 - Shutdown initiated...
2024-08-20 17:05:41.921  INFO 19248 --- [SpringApplicationShutdownHook] com.zaxxer.hikari.HikariDataSource       : HikariPool-1 - Shutdown completed.
2024-08-20 17:49:57.769  INFO 4792 --- [main] org.beko.spring.ApplicationRunner        : Starting ApplicationRunner using Java 17.0.6 on DESKTOP-2C8JM6Q with PID 4792 (C:\Users\BEKZHAN\IdeaProjects\spring-starter\build\classes\java\main started by BEKZHAN in C:\Users\BEKZHAN\IdeaProjects\spring-starter)
2024-08-20 17:49:57.771  INFO 4792 --- [main] org.beko.spring.ApplicationRunner        : The following profiles are active: qa
2024-08-20 17:49:58.117  INFO 4792 --- [main] .s.d.r.c.RepositoryConfigurationDelegate : Bootstrapping Spring Data JPA repositories in DEFAULT mode.
2024-08-20 17:49:58.130  INFO 4792 --- [main] .s.d.r.c.RepositoryConfigurationDelegate : Finished Spring Data repository scanning in 7 ms. Found 0 JPA repository interfaces.
2024-08-20 17:49:58.390  INFO 4792 --- [main] o.hibernate.jpa.internal.util.LogHelper  : HHH000204: Processing PersistenceUnitInfo [name: default]
2024-08-20 17:49:58.429  INFO 4792 --- [main] org.hibernate.Version                    : HHH000412: Hibernate ORM core version 5.6.3.Final
2024-08-20 17:49:58.551  INFO 4792 --- [main] o.hibernate.annotations.common.Version   : HCANN000001: Hibernate Commons Annotations {5.1.2.Final}
2024-08-20 17:49:58.630  INFO 4792 --- [main] com.zaxxer.hikari.HikariDataSource       : HikariPool-1 - Starting...
2024-08-20 17:49:58.739  INFO 4792 --- [main] com.zaxxer.hikari.HikariDataSource       : HikariPool-1 - Start completed.
2024-08-20 17:49:58.763  INFO 4792 --- [main] org.hibernate.dialect.Dialect            : HHH000400: Using dialect: org.hibernate.dialect.PostgreSQL10Dialect
2024-08-20 17:49:59.304 ERROR 4792 --- [main] j.LocalContainerEntityManagerFactoryBean : Failed to initialize JPA EntityManagerFactory: [PersistenceUnit: default] Unable to build Hibernate SessionFactory; nested exception is org.hibernate.tool.schema.spi.SchemaManagementException: Schema-validation: wrong column type encountered in column [id] in table [chat]; found [bigserial (Types#BIGINT)], but expecting [int4 (Types#INTEGER)]
2024-08-20 17:49:59.304  WARN 4792 --- [main] s.c.a.AnnotationConfigApplicationContext : Exception encountered during context initialization - cancelling refresh attempt: org.springframework.beans.factory.BeanCreationException: Error creating bean with name 'entityManagerFactory' defined in class path resource [org/springframework/boot/autoconfigure/orm/jpa/HibernateJpaConfiguration.class]: Invocation of init method failed; nested exception is javax.persistence.PersistenceException: [PersistenceUnit: default] Unable to build Hibernate SessionFactory; nested exception is org.hibernate.tool.schema.spi.SchemaManagementException: Schema-validation: wrong column type encountered in column [id] in table [chat]; found [bigserial (Types#BIGINT)], but expecting [int4 (Types#INTEGER)]
2024-08-20 17:49:59.304  INFO 4792 --- [main] com.zaxxer.hikari.HikariDataSource       : HikariPool-1 - Shutdown initiated...
2024-08-20 17:49:59.306  INFO 4792 --- [main] com.zaxxer.hikari.HikariDataSource       : HikariPool-1 - Shutdown completed.
2024-08-20 17:49:59.312  INFO 4792 --- [main] ConditionEvaluationReportLoggingListener : 

Error starting ApplicationContext. To display the conditions report re-run your application with 'debug' enabled.
2024-08-20 17:49:59.330 ERROR 4792 --- [main] o.s.boot.SpringApplication               : Application run failed

org.springframework.beans.factory.BeanCreationException: Error creating bean with name 'entityManagerFactory' defined in class path resource [org/springframework/boot/autoconfigure/orm/jpa/HibernateJpaConfiguration.class]: Invocation of init method failed; nested exception is javax.persistence.PersistenceException: [PersistenceUnit: default] Unable to build Hibernate SessionFactory; nested exception is org.hibernate.tool.schema.spi.SchemaManagementException: Schema-validation: wrong column type encountered in column [id] in table [chat]; found [bigserial (Types#BIGINT)], but expecting [int4 (Types#INTEGER)]
	at org.springframework.beans.factory.support.AbstractAutowireCapableBeanFactory.initializeBean(AbstractAutowireCapableBeanFactory.java:1804) ~[spring-beans-5.3.14.jar:5.3.14]
	at org.springframework.beans.factory.support.AbstractAutowireCapableBeanFactory.doCreateBean(AbstractAutowireCapableBeanFactory.java:620) ~[spring-beans-5.3.14.jar:5.3.14]
	at org.springframework.beans.factory.support.AbstractAutowireCapableBeanFactory.createBean(AbstractAutowireCapableBeanFactory.java:542) ~[spring-beans-5.3.14.jar:5.3.14]
	at org.springframework.beans.factory.support.AbstractBeanFactory.lambda$doGetBean$0(AbstractBeanFactory.java:335) ~[spring-beans-5.3.14.jar:5.3.14]
	at org.springframework.beans.factory.support.DefaultSingletonBeanRegistry.getSingleton(DefaultSingletonBeanRegistry.java:234) ~[spring-beans-5.3.14.jar:5.3.14]
	at org.springframework.beans.factory.support.AbstractBeanFactory.doGetBean(AbstractBeanFactory.java:333) ~[spring-beans-5.3.14.jar:5.3.14]
	at org.springframework.beans.factory.support.AbstractBeanFactory.getBean(AbstractBeanFactory.java:208) ~[spring-beans-5.3.14.jar:5.3.14]
	at org.springframework.context.support.AbstractApplicationContext.getBean(AbstractApplicationContext.java:1154) ~[spring-context-5.3.14.jar:5.3.14]
	at org.springframework.context.support.AbstractApplicationContext.finishBeanFactoryInitialization(AbstractApplicationContext.java:908) ~[spring-context-5.3.14.jar:5.3.14]
	at org.springframework.context.support.AbstractApplicationContext.refresh(AbstractApplicationContext.java:583) ~[spring-context-5.3.14.jar:5.3.14]
	at org.springframework.boot.SpringApplication.refresh(SpringApplication.java:730) ~[spring-boot-2.6.2.jar:2.6.2]
	at org.springframework.boot.SpringApplication.refreshContext(SpringApplication.java:412) ~[spring-boot-2.6.2.jar:2.6.2]
	at org.springframework.boot.SpringApplication.run(SpringApplication.java:302) ~[spring-boot-2.6.2.jar:2.6.2]
	at org.springframework.boot.SpringApplication.run(SpringApplication.java:1301) ~[spring-boot-2.6.2.jar:2.6.2]
	at org.springframework.boot.SpringApplication.run(SpringApplication.java:1290) ~[spring-boot-2.6.2.jar:2.6.2]
	at org.beko.spring.ApplicationRunner.main(ApplicationRunner.java:12) ~[main/:na]
Caused by: javax.persistence.PersistenceException: [PersistenceUnit: default] Unable to build Hibernate SessionFactory; nested exception is org.hibernate.tool.schema.spi.SchemaManagementException: Schema-validation: wrong column type encountered in column [id] in table [chat]; found [bigserial (Types#BIGINT)], but expecting [int4 (Types#INTEGER)]
	at org.springframework.orm.jpa.AbstractEntityManagerFactoryBean.buildNativeEntityManagerFactory(AbstractEntityManagerFactoryBean.java:421) ~[spring-orm-5.3.14.jar:5.3.14]
	at org.springframework.orm.jpa.AbstractEntityManagerFactoryBean.afterPropertiesSet(AbstractEntityManagerFactoryBean.java:396) ~[spring-orm-5.3.14.jar:5.3.14]
	at org.springframework.orm.jpa.LocalContainerEntityManagerFactoryBean.afterPropertiesSet(LocalContainerEntityManagerFactoryBean.java:341) ~[spring-orm-5.3.14.jar:5.3.14]
	at org.springframework.beans.factory.support.AbstractAutowireCapableBeanFactory.invokeInitMethods(AbstractAutowireCapableBeanFactory.java:1863) ~[spring-beans-5.3.14.jar:5.3.14]
	at org.springframework.beans.factory.support.AbstractAutowireCapableBeanFactory.initializeBean(AbstractAutowireCapableBeanFactory.java:1800) ~[spring-beans-5.3.14.jar:5.3.14]
	... 15 common frames omitted
Caused by: org.hibernate.tool.schema.spi.SchemaManagementException: Schema-validation: wrong column type encountered in column [id] in table [chat]; found [bigserial (Types#BIGINT)], but expecting [int4 (Types#INTEGER)]
	at org.hibernate.tool.schema.internal.AbstractSchemaValidator.validateColumnType(AbstractSchemaValidator.java:167) ~[hibernate-core-5.6.3.Final.jar:5.6.3.Final]
	at org.hibernate.tool.schema.internal.AbstractSchemaValidator.validateTable(AbstractSchemaValidator.java:151) ~[hibernate-core-5.6.3.Final.jar:5.6.3.Final]
	at org.hibernate.tool.schema.internal.GroupedSchemaValidatorImpl.validateTables(GroupedSchemaValidatorImpl.java:42) ~[hibernate-core-5.6.3.Final.jar:5.6.3.Final]
	at org.hibernate.tool.schema.internal.AbstractSchemaValidator.performValidation(AbstractSchemaValidator.java:97) ~[hibernate-core-5.6.3.Final.jar:5.6.3.Final]
	at org.hibernate.tool.schema.internal.AbstractSchemaValidator.doValidation(AbstractSchemaValidator.java:76) ~[hibernate-core-5.6.3.Final.jar:5.6.3.Final]
	at org.hibernate.tool.schema.spi.SchemaManagementToolCoordinator.performDatabaseAction(SchemaManagementToolCoordinator.java:200) ~[hibernate-core-5.6.3.Final.jar:5.6.3.Final]
	at org.hibernate.tool.schema.spi.SchemaManagementToolCoordinator.process(SchemaManagementToolCoordinator.java:81) ~[hibernate-core-5.6.3.Final.jar:5.6.3.Final]
	at org.hibernate.internal.SessionFactoryImpl.<init>(SessionFactoryImpl.java:335) ~[hibernate-core-5.6.3.Final.jar:5.6.3.Final]
	at org.hibernate.boot.internal.SessionFactoryBuilderImpl.build(SessionFactoryBuilderImpl.java:471) ~[hibernate-core-5.6.3.Final.jar:5.6.3.Final]
	at org.hibernate.jpa.boot.internal.EntityManagerFactoryBuilderImpl.build(EntityManagerFactoryBuilderImpl.java:1498) ~[hibernate-core-5.6.3.Final.jar:5.6.3.Final]
	at org.springframework.orm.jpa.vendor.SpringHibernateJpaPersistenceProvider.createContainerEntityManagerFactory(SpringHibernateJpaPersistenceProvider.java:58) ~[spring-orm-5.3.14.jar:5.3.14]
	at org.springframework.orm.jpa.LocalContainerEntityManagerFactoryBean.createNativeEntityManagerFactory(LocalContainerEntityManagerFactoryBean.java:365) ~[spring-orm-5.3.14.jar:5.3.14]
	at org.springframework.orm.jpa.AbstractEntityManagerFactoryBean.buildNativeEntityManagerFactory(AbstractEntityManagerFactoryBean.java:409) ~[spring-orm-5.3.14.jar:5.3.14]
	... 19 common frames omitted

2024-08-20 17:51:50.734  INFO 9784 --- [main] org.beko.spring.ApplicationRunner        : Starting ApplicationRunner using Java 17.0.6 on DESKTOP-2C8JM6Q with PID 9784 (C:\Users\BEKZHAN\IdeaProjects\spring-starter\build\classes\java\main started by BEKZHAN in C:\Users\BEKZHAN\IdeaProjects\spring-starter)
2024-08-20 17:51:50.736  INFO 9784 --- [main] org.beko.spring.ApplicationRunner        : The following profiles are active: qa
2024-08-20 17:51:51.058  INFO 9784 --- [main] .s.d.r.c.RepositoryConfigurationDelegate : Bootstrapping Spring Data JPA repositories in DEFAULT mode.
2024-08-20 17:51:51.072  INFO 9784 --- [main] .s.d.r.c.RepositoryConfigurationDelegate : Finished Spring Data repository scanning in 8 ms. Found 0 JPA repository interfaces.
2024-08-20 17:51:51.334  INFO 9784 --- [main] o.hibernate.jpa.internal.util.LogHelper  : HHH000204: Processing PersistenceUnitInfo [name: default]
2024-08-20 17:51:51.371  INFO 9784 --- [main] org.hibernate.Version                    : HHH000412: Hibernate ORM core version 5.6.3.Final
2024-08-20 17:51:51.484  INFO 9784 --- [main] o.hibernate.annotations.common.Version   : HCANN000001: Hibernate Commons Annotations {5.1.2.Final}
2024-08-20 17:51:51.568  INFO 9784 --- [main] com.zaxxer.hikari.HikariDataSource       : HikariPool-1 - Starting...
2024-08-20 17:51:51.682  INFO 9784 --- [main] com.zaxxer.hikari.HikariDataSource       : HikariPool-1 - Start completed.
2024-08-20 17:51:51.706  INFO 9784 --- [main] org.hibernate.dialect.Dialect            : HHH000400: Using dialect: org.hibernate.dialect.PostgreSQL10Dialect
2024-08-20 17:51:52.211 ERROR 9784 --- [main] j.LocalContainerEntityManagerFactoryBean : Failed to initialize JPA EntityManagerFactory: [PersistenceUnit: default] Unable to build Hibernate SessionFactory; nested exception is org.hibernate.tool.schema.spi.SchemaManagementException: Schema-validation: wrong column type encountered in column [id] in table [chat]; found [bigserial (Types#BIGINT)], but expecting [int4 (Types#INTEGER)]
2024-08-20 17:51:52.212  WARN 9784 --- [main] s.c.a.AnnotationConfigApplicationContext : Exception encountered during context initialization - cancelling refresh attempt: org.springframework.beans.factory.BeanCreationException: Error creating bean with name 'entityManagerFactory' defined in class path resource [org/springframework/boot/autoconfigure/orm/jpa/HibernateJpaConfiguration.class]: Invocation of init method failed; nested exception is javax.persistence.PersistenceException: [PersistenceUnit: default] Unable to build Hibernate SessionFactory; nested exception is org.hibernate.tool.schema.spi.SchemaManagementException: Schema-validation: wrong column type encountered in column [id] in table [chat]; found [bigserial (Types#BIGINT)], but expecting [int4 (Types#INTEGER)]
2024-08-20 17:51:52.212  INFO 9784 --- [main] com.zaxxer.hikari.HikariDataSource       : HikariPool-1 - Shutdown initiated...
2024-08-20 17:51:52.214  INFO 9784 --- [main] com.zaxxer.hikari.HikariDataSource       : HikariPool-1 - Shutdown completed.
2024-08-20 17:51:52.220  INFO 9784 --- [main] ConditionEvaluationReportLoggingListener : 

Error starting ApplicationContext. To display the conditions report re-run your application with 'debug' enabled.
2024-08-20 17:51:52.234 ERROR 9784 --- [main] o.s.boot.SpringApplication               : Application run failed

org.springframework.beans.factory.BeanCreationException: Error creating bean with name 'entityManagerFactory' defined in class path resource [org/springframework/boot/autoconfigure/orm/jpa/HibernateJpaConfiguration.class]: Invocation of init method failed; nested exception is javax.persistence.PersistenceException: [PersistenceUnit: default] Unable to build Hibernate SessionFactory; nested exception is org.hibernate.tool.schema.spi.SchemaManagementException: Schema-validation: wrong column type encountered in column [id] in table [chat]; found [bigserial (Types#BIGINT)], but expecting [int4 (Types#INTEGER)]
	at org.springframework.beans.factory.support.AbstractAutowireCapableBeanFactory.initializeBean(AbstractAutowireCapableBeanFactory.java:1804) ~[spring-beans-5.3.14.jar:5.3.14]
	at org.springframework.beans.factory.support.AbstractAutowireCapableBeanFactory.doCreateBean(AbstractAutowireCapableBeanFactory.java:620) ~[spring-beans-5.3.14.jar:5.3.14]
	at org.springframework.beans.factory.support.AbstractAutowireCapableBeanFactory.createBean(AbstractAutowireCapableBeanFactory.java:542) ~[spring-beans-5.3.14.jar:5.3.14]
	at org.springframework.beans.factory.support.AbstractBeanFactory.lambda$doGetBean$0(AbstractBeanFactory.java:335) ~[spring-beans-5.3.14.jar:5.3.14]
	at org.springframework.beans.factory.support.DefaultSingletonBeanRegistry.getSingleton(DefaultSingletonBeanRegistry.java:234) ~[spring-beans-5.3.14.jar:5.3.14]
	at org.springframework.beans.factory.support.AbstractBeanFactory.doGetBean(AbstractBeanFactory.java:333) ~[spring-beans-5.3.14.jar:5.3.14]
	at org.springframework.beans.factory.support.AbstractBeanFactory.getBean(AbstractBeanFactory.java:208) ~[spring-beans-5.3.14.jar:5.3.14]
	at org.springframework.context.support.AbstractApplicationContext.getBean(AbstractApplicationContext.java:1154) ~[spring-context-5.3.14.jar:5.3.14]
	at org.springframework.context.support.AbstractApplicationContext.finishBeanFactoryInitialization(AbstractApplicationContext.java:908) ~[spring-context-5.3.14.jar:5.3.14]
	at org.springframework.context.support.AbstractApplicationContext.refresh(AbstractApplicationContext.java:583) ~[spring-context-5.3.14.jar:5.3.14]
	at org.springframework.boot.SpringApplication.refresh(SpringApplication.java:730) ~[spring-boot-2.6.2.jar:2.6.2]
	at org.springframework.boot.SpringApplication.refreshContext(SpringApplication.java:412) ~[spring-boot-2.6.2.jar:2.6.2]
	at org.springframework.boot.SpringApplication.run(SpringApplication.java:302) ~[spring-boot-2.6.2.jar:2.6.2]
	at org.springframework.boot.SpringApplication.run(SpringApplication.java:1301) ~[spring-boot-2.6.2.jar:2.6.2]
	at org.springframework.boot.SpringApplication.run(SpringApplication.java:1290) ~[spring-boot-2.6.2.jar:2.6.2]
	at org.beko.spring.ApplicationRunner.main(ApplicationRunner.java:12) ~[main/:na]
Caused by: javax.persistence.PersistenceException: [PersistenceUnit: default] Unable to build Hibernate SessionFactory; nested exception is org.hibernate.tool.schema.spi.SchemaManagementException: Schema-validation: wrong column type encountered in column [id] in table [chat]; found [bigserial (Types#BIGINT)], but expecting [int4 (Types#INTEGER)]
	at org.springframework.orm.jpa.AbstractEntityManagerFactoryBean.buildNativeEntityManagerFactory(AbstractEntityManagerFactoryBean.java:421) ~[spring-orm-5.3.14.jar:5.3.14]
	at org.springframework.orm.jpa.AbstractEntityManagerFactoryBean.afterPropertiesSet(AbstractEntityManagerFactoryBean.java:396) ~[spring-orm-5.3.14.jar:5.3.14]
	at org.springframework.orm.jpa.LocalContainerEntityManagerFactoryBean.afterPropertiesSet(LocalContainerEntityManagerFactoryBean.java:341) ~[spring-orm-5.3.14.jar:5.3.14]
	at org.springframework.beans.factory.support.AbstractAutowireCapableBeanFactory.invokeInitMethods(AbstractAutowireCapableBeanFactory.java:1863) ~[spring-beans-5.3.14.jar:5.3.14]
	at org.springframework.beans.factory.support.AbstractAutowireCapableBeanFactory.initializeBean(AbstractAutowireCapableBeanFactory.java:1800) ~[spring-beans-5.3.14.jar:5.3.14]
	... 15 common frames omitted
Caused by: org.hibernate.tool.schema.spi.SchemaManagementException: Schema-validation: wrong column type encountered in column [id] in table [chat]; found [bigserial (Types#BIGINT)], but expecting [int4 (Types#INTEGER)]
	at org.hibernate.tool.schema.internal.AbstractSchemaValidator.validateColumnType(AbstractSchemaValidator.java:167) ~[hibernate-core-5.6.3.Final.jar:5.6.3.Final]
	at org.hibernate.tool.schema.internal.AbstractSchemaValidator.validateTable(AbstractSchemaValidator.java:151) ~[hibernate-core-5.6.3.Final.jar:5.6.3.Final]
	at org.hibernate.tool.schema.internal.GroupedSchemaValidatorImpl.validateTables(GroupedSchemaValidatorImpl.java:42) ~[hibernate-core-5.6.3.Final.jar:5.6.3.Final]
	at org.hibernate.tool.schema.internal.AbstractSchemaValidator.performValidation(AbstractSchemaValidator.java:97) ~[hibernate-core-5.6.3.Final.jar:5.6.3.Final]
	at org.hibernate.tool.schema.internal.AbstractSchemaValidator.doValidation(AbstractSchemaValidator.java:76) ~[hibernate-core-5.6.3.Final.jar:5.6.3.Final]
	at org.hibernate.tool.schema.spi.SchemaManagementToolCoordinator.performDatabaseAction(SchemaManagementToolCoordinator.java:200) ~[hibernate-core-5.6.3.Final.jar:5.6.3.Final]
	at org.hibernate.tool.schema.spi.SchemaManagementToolCoordinator.process(SchemaManagementToolCoordinator.java:81) ~[hibernate-core-5.6.3.Final.jar:5.6.3.Final]
	at org.hibernate.internal.SessionFactoryImpl.<init>(SessionFactoryImpl.java:335) ~[hibernate-core-5.6.3.Final.jar:5.6.3.Final]
	at org.hibernate.boot.internal.SessionFactoryBuilderImpl.build(SessionFactoryBuilderImpl.java:471) ~[hibernate-core-5.6.3.Final.jar:5.6.3.Final]
	at org.hibernate.jpa.boot.internal.EntityManagerFactoryBuilderImpl.build(EntityManagerFactoryBuilderImpl.java:1498) ~[hibernate-core-5.6.3.Final.jar:5.6.3.Final]
	at org.springframework.orm.jpa.vendor.SpringHibernateJpaPersistenceProvider.createContainerEntityManagerFactory(SpringHibernateJpaPersistenceProvider.java:58) ~[spring-orm-5.3.14.jar:5.3.14]
	at org.springframework.orm.jpa.LocalContainerEntityManagerFactoryBean.createNativeEntityManagerFactory(LocalContainerEntityManagerFactoryBean.java:365) ~[spring-orm-5.3.14.jar:5.3.14]
	at org.springframework.orm.jpa.AbstractEntityManagerFactoryBean.buildNativeEntityManagerFactory(AbstractEntityManagerFactoryBean.java:409) ~[spring-orm-5.3.14.jar:5.3.14]
	... 19 common frames omitted

2024-08-20 17:52:53.264  INFO 16204 --- [main] org.beko.spring.ApplicationRunner        : Starting ApplicationRunner using Java 17.0.6 on DESKTOP-2C8JM6Q with PID 16204 (C:\Users\BEKZHAN\IdeaProjects\spring-starter\build\classes\java\main started by BEKZHAN in C:\Users\BEKZHAN\IdeaProjects\spring-starter)
2024-08-20 17:52:53.266  INFO 16204 --- [main] org.beko.spring.ApplicationRunner        : The following profiles are active: qa
2024-08-20 17:52:53.583  INFO 16204 --- [main] .s.d.r.c.RepositoryConfigurationDelegate : Bootstrapping Spring Data JPA repositories in DEFAULT mode.
2024-08-20 17:52:53.601  INFO 16204 --- [main] .s.d.r.c.RepositoryConfigurationDelegate : Finished Spring Data repository scanning in 7 ms. Found 0 JPA repository interfaces.
2024-08-20 17:52:53.849  INFO 16204 --- [main] o.hibernate.jpa.internal.util.LogHelper  : HHH000204: Processing PersistenceUnitInfo [name: default]
2024-08-20 17:52:53.889  INFO 16204 --- [main] org.hibernate.Version                    : HHH000412: Hibernate ORM core version 5.6.3.Final
2024-08-20 17:52:54.002  INFO 16204 --- [main] o.hibernate.annotations.common.Version   : HCANN000001: Hibernate Commons Annotations {5.1.2.Final}
2024-08-20 17:52:54.085  INFO 16204 --- [main] com.zaxxer.hikari.HikariDataSource       : HikariPool-1 - Starting...
2024-08-20 17:52:54.199  INFO 16204 --- [main] com.zaxxer.hikari.HikariDataSource       : HikariPool-1 - Start completed.
2024-08-20 17:52:54.223  INFO 16204 --- [main] org.hibernate.dialect.Dialect            : HHH000400: Using dialect: org.hibernate.dialect.PostgreSQL10Dialect
2024-08-20 17:52:54.721  INFO 16204 --- [main] o.h.e.t.j.p.i.JtaPlatformInitiator       : HHH000490: Using JtaPlatform implementation: [org.hibernate.engine.transaction.jta.platform.internal.NoJtaPlatform]
2024-08-20 17:52:54.726  INFO 16204 --- [main] j.LocalContainerEntityManagerFactoryBean : Initialized JPA EntityManagerFactory for persistence unit 'default'
2024-08-20 17:52:54.731  INFO 16204 --- [main] org.beko.spring.config.JpaConfiguration  : Jpa configuration is enabled
2024-08-20 17:52:54.735  INFO 16204 --- [main] o.b.spring.database.pool.ConnectionPool  : init bean
2024-08-20 17:52:54.745  INFO 16204 --- [main] o.b.spring.database.pool.ConnectionPool  : init bean
2024-08-20 17:52:54.745  INFO 16204 --- [main] o.b.spring.database.pool.ConnectionPool  : init bean
2024-08-20 17:52:54.839  INFO 16204 --- [main] org.beko.spring.ApplicationRunner        : Started ApplicationRunner in 1.89 seconds (JVM running for 2.36)
2024-08-20 17:52:54.843  INFO 16204 --- [SpringApplicationShutdownHook] o.b.spring.database.pool.ConnectionPool  : Clean connection pool
2024-08-20 17:52:54.844  INFO 16204 --- [SpringApplicationShutdownHook] o.b.spring.database.pool.ConnectionPool  : Clean connection pool
2024-08-20 17:52:54.844  INFO 16204 --- [SpringApplicationShutdownHook] o.b.spring.database.pool.ConnectionPool  : Clean connection pool
2024-08-20 17:52:54.844  INFO 16204 --- [SpringApplicationShutdownHook] j.LocalContainerEntityManagerFactoryBean : Closing JPA EntityManagerFactory for persistence unit 'default'
2024-08-20 17:52:54.845  INFO 16204 --- [SpringApplicationShutdownHook] com.zaxxer.hikari.HikariDataSource       : HikariPool-1 - Shutdown initiated...
2024-08-20 17:52:54.847  INFO 16204 --- [SpringApplicationShutdownHook] com.zaxxer.hikari.HikariDataSource       : HikariPool-1 - Shutdown completed.
2024-08-20 18:17:21.357  INFO 16404 --- [Test worker] o.b.s.i.d.r.CompanyRepositoryTest        : Starting CompanyRepositoryTest using Java 17.0.6 on DESKTOP-2C8JM6Q with PID 16404 (started by BEKZHAN in C:\Users\BEKZHAN\IdeaProjects\spring-starter)
2024-08-20 18:17:21.359  INFO 16404 --- [Test worker] o.b.s.i.d.r.CompanyRepositoryTest        : The following profiles are active: test
2024-08-20 18:17:22.215  INFO 16404 --- [Test worker] .s.d.r.c.RepositoryConfigurationDelegate : Bootstrapping Spring Data JPA repositories in DEFAULT mode.
2024-08-20 18:17:22.259  INFO 16404 --- [Test worker] .s.d.r.c.RepositoryConfigurationDelegate : Finished Spring Data repository scanning in 29 ms. Found 0 JPA repository interfaces.
2024-08-20 18:17:23.200  INFO 16404 --- [Test worker] o.hibernate.jpa.internal.util.LogHelper  : HHH000204: Processing PersistenceUnitInfo [name: default]
2024-08-20 18:17:23.314  INFO 16404 --- [Test worker] org.hibernate.Version                    : HHH000412: Hibernate ORM core version 5.6.3.Final
2024-08-20 18:17:23.675  INFO 16404 --- [Test worker] o.hibernate.annotations.common.Version   : HCANN000001: Hibernate Commons Annotations {5.1.2.Final}
2024-08-20 18:17:23.908  INFO 16404 --- [Test worker] com.zaxxer.hikari.HikariDataSource       : HikariPool-1 - Starting...
2024-08-20 18:17:24.175  INFO 16404 --- [Test worker] com.zaxxer.hikari.HikariDataSource       : HikariPool-1 - Start completed.
2024-08-20 18:17:24.234  INFO 16404 --- [Test worker] org.hibernate.dialect.Dialect            : HHH000400: Using dialect: org.hibernate.dialect.PostgreSQL10Dialect
2024-08-20 18:17:25.679  INFO 16404 --- [Test worker] o.h.e.t.j.p.i.JtaPlatformInitiator       : HHH000490: Using JtaPlatform implementation: [org.hibernate.engine.transaction.jta.platform.internal.NoJtaPlatform]
2024-08-20 18:17:25.697  INFO 16404 --- [Test worker] j.LocalContainerEntityManagerFactoryBean : Initialized JPA EntityManagerFactory for persistence unit 'default'
2024-08-20 18:17:25.729  INFO 16404 --- [Test worker] o.b.spring.database.pool.ConnectionPool  : init bean
2024-08-20 18:17:26.117  INFO 16404 --- [Test worker] org.beko.spring.config.JpaConfiguration  : Jpa configuration is enabled
2024-08-20 18:17:26.146  INFO 16404 --- [Test worker] o.b.spring.database.pool.ConnectionPool  : init bean
2024-08-20 18:17:26.148  INFO 16404 --- [Test worker] o.b.spring.database.pool.ConnectionPool  : init bean
2024-08-20 18:17:26.526  INFO 16404 --- [Test worker] o.b.s.i.d.r.CompanyRepositoryTest        : Started CompanyRepositoryTest in 5.872 seconds (JVM running for 8.36)
2024-08-20 18:17:27.074  INFO 16404 --- [SpringApplicationShutdownHook] o.b.spring.database.pool.ConnectionPool  : Clean connection pool
2024-08-20 18:17:27.074  INFO 16404 --- [SpringApplicationShutdownHook] o.b.spring.database.pool.ConnectionPool  : Clean connection pool
2024-08-20 18:17:27.075  INFO 16404 --- [SpringApplicationShutdownHook] o.b.spring.database.pool.ConnectionPool  : Clean connection pool
2024-08-20 18:17:27.075  INFO 16404 --- [SpringApplicationShutdownHook] j.LocalContainerEntityManagerFactoryBean : Closing JPA EntityManagerFactory for persistence unit 'default'
2024-08-20 18:17:27.079  INFO 16404 --- [SpringApplicationShutdownHook] com.zaxxer.hikari.HikariDataSource       : HikariPool-1 - Shutdown initiated...
2024-08-20 18:17:27.085  INFO 16404 --- [SpringApplicationShutdownHook] com.zaxxer.hikari.HikariDataSource       : HikariPool-1 - Shutdown completed.
2024-08-20 18:18:06.308  INFO 17708 --- [Test worker] o.b.s.i.d.r.CompanyRepositoryTest        : Starting CompanyRepositoryTest using Java 17.0.6 on DESKTOP-2C8JM6Q with PID 17708 (started by BEKZHAN in C:\Users\BEKZHAN\IdeaProjects\spring-starter)
2024-08-20 18:18:06.310  INFO 17708 --- [Test worker] o.b.s.i.d.r.CompanyRepositoryTest        : The following profiles are active: test
2024-08-20 18:18:07.092  INFO 17708 --- [Test worker] .s.d.r.c.RepositoryConfigurationDelegate : Bootstrapping Spring Data JPA repositories in DEFAULT mode.
2024-08-20 18:18:07.127  INFO 17708 --- [Test worker] .s.d.r.c.RepositoryConfigurationDelegate : Finished Spring Data repository scanning in 22 ms. Found 0 JPA repository interfaces.
2024-08-20 18:18:08.043  INFO 17708 --- [Test worker] o.hibernate.jpa.internal.util.LogHelper  : HHH000204: Processing PersistenceUnitInfo [name: default]
2024-08-20 18:18:08.155  INFO 17708 --- [Test worker] org.hibernate.Version                    : HHH000412: Hibernate ORM core version 5.6.3.Final
2024-08-20 18:18:08.487  INFO 17708 --- [Test worker] o.hibernate.annotations.common.Version   : HCANN000001: Hibernate Commons Annotations {5.1.2.Final}
2024-08-20 18:18:08.736  INFO 17708 --- [Test worker] com.zaxxer.hikari.HikariDataSource       : HikariPool-1 - Starting...
2024-08-20 18:18:09.068  INFO 17708 --- [Test worker] com.zaxxer.hikari.HikariDataSource       : HikariPool-1 - Start completed.
2024-08-20 18:18:09.125  INFO 17708 --- [Test worker] org.hibernate.dialect.Dialect            : HHH000400: Using dialect: org.hibernate.dialect.PostgreSQL10Dialect
2024-08-20 18:18:10.626  INFO 17708 --- [Test worker] o.h.e.t.j.p.i.JtaPlatformInitiator       : HHH000490: Using JtaPlatform implementation: [org.hibernate.engine.transaction.jta.platform.internal.NoJtaPlatform]
2024-08-20 18:18:10.648  INFO 17708 --- [Test worker] j.LocalContainerEntityManagerFactoryBean : Initialized JPA EntityManagerFactory for persistence unit 'default'
2024-08-20 18:18:10.677  INFO 17708 --- [Test worker] o.b.spring.database.pool.ConnectionPool  : init bean
2024-08-20 18:18:11.036  INFO 17708 --- [Test worker] org.beko.spring.config.JpaConfiguration  : Jpa configuration is enabled
2024-08-20 18:18:11.066  INFO 17708 --- [Test worker] o.b.spring.database.pool.ConnectionPool  : init bean
2024-08-20 18:18:11.068  INFO 17708 --- [Test worker] o.b.spring.database.pool.ConnectionPool  : init bean
2024-08-20 18:18:11.491  INFO 17708 --- [Test worker] o.b.s.i.d.r.CompanyRepositoryTest        : Started CompanyRepositoryTest in 5.819 seconds (JVM running for 8.293)
2024-08-20 18:18:11.767  INFO 17708 --- [Test worker] o.s.t.c.transaction.TransactionContext   : Began transaction (1) for test context [DefaultTestContext@53bc1328 testClass = CompanyRepositoryTest, testInstance = org.beko.spring.integration.database.repository.CompanyRepositoryTest@a1a72d4, testMethod = test@CompanyRepositoryTest, testException = [null], mergedContextConfiguration = [MergedContextConfiguration@26f143ed testClass = CompanyRepositoryTest, locations = '{}', classes = '{class org.beko.spring.ApplicationRunner, class org.beko.spring.integration.TestApplicationRunner}', contextInitializerClasses = '[]', activeProfiles = '{test}', propertySourceLocations = '{}', propertySourceProperties = '{org.springframework.boot.test.context.SpringBootTestContextBootstrapper=true}', contextCustomizers = set[org.springframework.boot.test.autoconfigure.actuate.metrics.MetricsExportContextCustomizerFactory$DisableMetricExportContextCustomizer@e077866, org.springframework.boot.test.autoconfigure.properties.PropertyMappingContextCustomizer@0, org.springframework.boot.test.autoconfigure.web.servlet.WebDriverContextCustomizerFactory$Customizer@6d304f9d, org.springframework.boot.test.context.filter.ExcludeFilterContextCustomizer@51cd7ffc, org.springframework.boot.test.json.DuplicateJsonObjectContextCustomizerFactory$DuplicateJsonObjectContextCustomizer@40f1be1b, org.springframework.boot.test.mock.mockito.MockitoContextCustomizer@0, org.springframework.boot.test.web.client.TestRestTemplateContextCustomizer@5316e95f, org.springframework.boot.test.context.SpringBootTestArgs@1, org.springframework.boot.test.context.SpringBootTestWebEnvironment@5f0fd5a0], contextLoader = 'org.springframework.boot.test.context.SpringBootContextLoader', parent = [null]], attributes = map['org.springframework.test.context.event.ApplicationEventsTestExecutionListener.recordApplicationEvents' -> false]]; transaction manager [org.springframework.orm.jpa.JpaTransactionManager@6fe243a]; rollback [true]
2024-08-20 18:18:12.089  INFO 17708 --- [Test worker] o.s.t.c.transaction.TransactionContext   : Rolled back transaction for test: [DefaultTestContext@53bc1328 testClass = CompanyRepositoryTest, testInstance = org.beko.spring.integration.database.repository.CompanyRepositoryTest@a1a72d4, testMethod = test@CompanyRepositoryTest, testException = [null], mergedContextConfiguration = [MergedContextConfiguration@26f143ed testClass = CompanyRepositoryTest, locations = '{}', classes = '{class org.beko.spring.ApplicationRunner, class org.beko.spring.integration.TestApplicationRunner}', contextInitializerClasses = '[]', activeProfiles = '{test}', propertySourceLocations = '{}', propertySourceProperties = '{org.springframework.boot.test.context.SpringBootTestContextBootstrapper=true}', contextCustomizers = set[org.springframework.boot.test.autoconfigure.actuate.metrics.MetricsExportContextCustomizerFactory$DisableMetricExportContextCustomizer@e077866, org.springframework.boot.test.autoconfigure.properties.PropertyMappingContextCustomizer@0, org.springframework.boot.test.autoconfigure.web.servlet.WebDriverContextCustomizerFactory$Customizer@6d304f9d, org.springframework.boot.test.context.filter.ExcludeFilterContextCustomizer@51cd7ffc, org.springframework.boot.test.json.DuplicateJsonObjectContextCustomizerFactory$DuplicateJsonObjectContextCustomizer@40f1be1b, org.springframework.boot.test.mock.mockito.MockitoContextCustomizer@0, org.springframework.boot.test.web.client.TestRestTemplateContextCustomizer@5316e95f, org.springframework.boot.test.context.SpringBootTestArgs@1, org.springframework.boot.test.context.SpringBootTestWebEnvironment@5f0fd5a0], contextLoader = 'org.springframework.boot.test.context.SpringBootContextLoader', parent = [null]], attributes = map['org.springframework.test.context.event.ApplicationEventsTestExecutionListener.recordApplicationEvents' -> false]]
2024-08-20 18:18:12.146  INFO 17708 --- [SpringApplicationShutdownHook] o.b.spring.database.pool.ConnectionPool  : Clean connection pool
2024-08-20 18:18:12.148  INFO 17708 --- [SpringApplicationShutdownHook] o.b.spring.database.pool.ConnectionPool  : Clean connection pool
2024-08-20 18:18:12.149  INFO 17708 --- [SpringApplicationShutdownHook] o.b.spring.database.pool.ConnectionPool  : Clean connection pool
2024-08-20 18:18:12.149  INFO 17708 --- [SpringApplicationShutdownHook] j.LocalContainerEntityManagerFactoryBean : Closing JPA EntityManagerFactory for persistence unit 'default'
2024-08-20 18:18:12.153  INFO 17708 --- [SpringApplicationShutdownHook] com.zaxxer.hikari.HikariDataSource       : HikariPool-1 - Shutdown initiated...
2024-08-20 18:18:12.160  INFO 17708 --- [SpringApplicationShutdownHook] com.zaxxer.hikari.HikariDataSource       : HikariPool-1 - Shutdown completed.
